[2020-06-28T11:00:23.514186-03:00] App_bytecell.INFO: listo el descripcion de Producto [] []
[2020-06-28T11:02:14.850151-03:00] App_bytecell.INFO: listo todos los productos con descripcion de Producto [] []
[2020-06-28T11:07:39.938553-03:00] App_bytecell.INFO: listo todos los productos con descripcion de Producto [] []
[2020-06-28T11:07:45.900782-03:00] App_bytecell.INFO: Consulta el id idProductos de Producto [] []
[2020-06-28T11:08:26.746564-03:00] App_bytecell.INFO: Consulta el id idProductos de Producto [] []
[2020-06-28T11:09:46.476362-03:00] App_bytecell.INFO: Consulta el id idProductos de Producto [] []
[2020-06-28T11:22:28.241377-03:00] App_bytecell.INFO: Consulta el id idProductos de Producto [] []
[2020-06-28T11:22:28.243141-03:00] App_bytecell.INFO: Muestra el prodcutoProducto 4 [] []
[2020-06-28T11:41:27.475110-03:00] App_bytecell.INFO: DELETE EN Producto ID = 3 [] []
[2020-06-28T11:48:23.235780-03:00] App_bytecell.INFO: UPDATE en Producto los parametros Array [] []
[2020-06-28T11:48:27.758751-03:00] App_bytecell.INFO: UPDATE en Producto los parametros Array [] []
[2020-06-28T11:51:01.643711-03:00] App_bytecell.INFO: UPDATE en Producto los parametros Array [] []
[2020-06-28T11:51:27.760052-03:00] App_bytecell.INFO: UPDATE en Producto los parametros Array [] []
[2020-06-28T11:51:54.412747-03:00] App_bytecell.INFO: UPDATE en Producto los parametros Array [] []
[2020-06-28T11:52:06.014458-03:00] App_bytecell.INFO: UPDATE en Producto los parametros  [] []
[2020-06-28T11:52:20.160217-03:00] App_bytecell.INFO: UPDATE en Producto los parametros Array [] []
[2020-06-28T11:53:02.634050-03:00] App_bytecell.INFO: UPDATE en Producto los parametros 0 ,4 [] []
[2020-06-28T13:17:25.247374-03:00] App_bytecell.INFO: INSERT EN  los parametros 5 ,prueba ,prueba ,110.0 ,250.0 ,1 ,general ,app_cell/image/imagen1.png [] []
[2020-06-28T14:04:16.573000-03:00] App_bytecell.INFO: Consulta el id idProductos de Producto [] []
[2020-06-28T14:04:16.575948-03:00] App_bytecell.INFO: Muestra el prodcutoProducto id 4 [] []
[2020-06-28T14:04:22.496666-03:00] App_bytecell.INFO: Consulta el id idProductos de Producto [] []
[2020-06-28T14:04:22.497734-03:00] App_bytecell.INFO: Muestra el prodcutoProducto id 3 [] []
[2020-06-28T14:06:24.570777-03:00] App_bytecell.INFO: UPDATE en Producto los parametros 0 ,4 [] []
[2020-06-28T14:25:55.229133-03:00] App_bytecell.INFO: Consulta el id idProductos de Producto [] []
[2020-06-29T17:25:02.701521-03:00] App_bytecell.INFO: listo todos los productos con descripcion de Producto [] []
[2020-06-30T01:46:49.995529-03:00] App_bytecell.INFO: listo todos los productos con descripcion de Producto [] []
[2020-06-30T01:46:54.828418-03:00] App_bytecell.INFO: listo todos los productos con descripcion de Producto [] []
[2020-06-30T13:53:36.179109-03:00] App_bytecell.INFO: listo todos los productos con descripcion de Producto [] []
[2020-06-30T14:37:50.421517-03:00] App_bytecell.INFO: listo todos los productos con descripcion de Producto [] []
[2020-06-30T16:15:50.516382-03:00] App_bytecell.INFO: listo todos los productos con descripcion de Producto [] []
[2020-06-30T16:16:56.241087-03:00] App_bytecell.INFO: listo todos los productos con descripcion de Producto [] []
[2020-06-30T18:01:05.871477-03:00] App_bytecell.INFO: Consulta el id idProductos de Producto [] []
[2020-06-30T18:01:05.872950-03:00] App_bytecell.INFO: Muestra el prodcutoProducto id 1 [] []
[2020-06-30T19:04:02.646934-03:00] App_bytecell.INFO: listo todos los productos con descripcion de Producto [] []
[2020-06-30T19:23:08.891397-03:00] App_bytecell.INFO: listo todos los productos con descripcion de Producto [] []
[2020-06-30T22:24:34.646501-03:00] App_bytecell.INFO: listo todos los productos con descripcion de Producto [] []
[2020-06-30T22:27:03.181751-03:00] App_bytecell.INFO: listo todos los productos con descripcion de Producto [] []
[2020-06-30T22:27:15.273857-03:00] App_bytecell.INFO: listo todos los productos con descripcion de Producto [] []
[2020-06-30T22:30:48.687747-03:00] App_bytecell.INFO: listo todos los productos con descripcion de Producto [] []
[2020-06-30T22:46:54.428064-03:00] App_bytecell.INFO: listo todos los productos con descripcion de Producto [] []
[2020-06-30T22:46:55.419420-03:00] App_bytecell.INFO: listo todos los productos con descripcion de Producto [] []
[2020-06-30T22:47:25.134514-03:00] App_bytecell.INFO: listo todos los productos con descripcion de Producto [] []
[2020-06-30T22:48:21.548863-03:00] App_bytecell.INFO: listo todos los productos con descripcion de Producto [] []
[2020-06-30T23:06:36.817567-03:00] App_bytecell.INFO: listo todos los productos con descripcion de Producto [] []
[2020-06-30T23:06:38.240349-03:00] App_bytecell.INFO: listo todos los productos con descripcion de Producto [] []
[2020-06-30T23:52:52.991109-03:00] App_bytecell.INFO: listo todos los productos con descripcion de Producto [] []
[2020-06-30T23:52:55.085138-03:00] App_bytecell.INFO: listo todos los productos con descripcion de Producto [] []
[2020-06-30T23:56:57.406214-03:00] App_bytecell.INFO: listo todos los productos con descripcion de Producto [] []
[2020-06-30T23:57:17.864139-03:00] App_bytecell.INFO: listo todos los productos con descripcion de Producto [] []
[2020-07-01T00:51:52.842759-03:00] App_bytecell.INFO: listo todos los productos con descripcion de Producto [] []
[2020-07-01T01:41:16.287079-03:00] App_bytecell.INFO: UPDATE de visitas en el producto 2  [] []
[2020-07-01T01:41:16.291267-03:00] App_bytecell.INFO: SELECT del producto 2  [] []
[2020-07-01T02:10:07.234303-03:00] App_bytecell.INFO: listo todos los productos con descripcion de Producto [] []
[2020-07-01T02:14:23.848393-03:00] App_bytecell.INFO: listo todos los productos con descripcion de Producto [] []
[2020-07-01T02:53:19.328589-03:00] App_bytecell.INFO: BUSQUEDA del los producto que contienen %p% con 2 elementos [] []
[2020-07-01T11:04:46.904918-03:00] App_bytecell.INFO: listo todos los productos con descripcion de Producto [] []
[2020-07-01T11:05:35.680389-03:00] App_bytecell.INFO: BUSQUEDA del los producto que contienen %p% con 2 elementos [] []
[2020-07-01T11:10:05.847706-03:00] App_bytecell.INFO: BUSQUEDA del los producto que contienen %p% con 2 elementos [] []
[2020-07-01T18:56:42.726992-03:00] App_bytecell.INFO: listo todos los productos con descripcion de Producto [] []
[2020-07-01T18:57:57.398839-03:00] App_bytecell.INFO: listo todos los productos con descripcion de Producto [] []
[2020-07-01T19:06:51.306879-03:00] App_bytecell.INFO: BUSQUEDA del los producto que contienen %cargador% con 1 elementos [] []
[2020-07-01T19:07:05.223888-03:00] App_bytecell.INFO: BUSQUEDA del los producto que contienen %cargador% con 1 elementos [] []
[2020-07-01T19:14:09.669523-03:00] App_bytecell.INFO: BUSQUEDA del los producto que contienen %cargador% con 1 elementos [] []
[2020-07-01T19:28:05.664913-03:00] App_bytecell.INFO: BUSQUEDA del los producto que contienen %p% con 2 elementos [] []
[2020-07-01T19:34:35.764035-03:00] App_bytecell.INFO: BUSQUEDA del los producto que contienen %p% con 2 elementos [] []
[2020-07-01T19:34:44.185455-03:00] App_bytecell.INFO: BUSQUEDA del los producto que contienen %p% con 2 elementos [] []
[2020-07-01T19:35:56.619996-03:00] App_bytecell.INFO: BUSQUEDA del los producto que contienen %p% con 2 elementos [] []
[2020-07-01T19:36:10.251791-03:00] App_bytecell.INFO: BUSQUEDA del los producto que contienen %p% con 2 elementos [] []
[2020-07-01T19:37:15.890948-03:00] App_bytecell.INFO: BUSQUEDA del los producto que contienen %p% con 2 elementos [] []
[2020-07-01T19:38:01.038151-03:00] App_bytecell.INFO: BUSQUEDA del los producto que contienen %p% con 2 elementos [] []
[2020-07-01T19:43:42.678566-03:00] App_bytecell.INFO: BUSQUEDA del los producto que contienen %p% con 2 elementos [] []
[2020-07-01T19:43:57.997028-03:00] App_bytecell.INFO: BUSQUEDA del los producto que contienen %p% con 2 elementos [] []
[2020-07-01T19:44:09.373649-03:00] App_bytecell.INFO: BUSQUEDA del los producto que contienen %p% con 2 elementos [] []
[2020-07-01T19:44:25.969077-03:00] App_bytecell.INFO: BUSQUEDA del los producto que contienen %p% con 2 elementos [] []
[2020-07-01T19:46:45.032447-03:00] App_bytecell.INFO: BUSQUEDA del los producto que contienen %p% con 2 elementos [] []
[2020-07-01T19:47:06.012319-03:00] App_bytecell.INFO: BUSQUEDA del los producto que contienen %p% con 2 elementos [] []
[2020-07-01T19:47:11.133383-03:00] App_bytecell.INFO: BUSQUEDA del los producto que contienen %p% con 2 elementos [] []
[2020-07-01T19:48:12.412077-03:00] App_bytecell.INFO: BUSQUEDA del los producto que contienen %p% con 2 elementos [] []
[2020-07-01T19:49:53.877210-03:00] App_bytecell.INFO: BUSQUEDA del los producto que contienen %p% con 2 elementos [] []
[2020-07-01T19:51:04.751894-03:00] App_bytecell.INFO: UPDATE de visitas en el producto 2  [] []
[2020-07-01T19:51:04.754468-03:00] App_bytecell.INFO: SELECT del producto 2  [] []
[2020-07-01T19:51:05.878536-03:00] App_bytecell.INFO: UPDATE de visitas en el producto 2  [] []
[2020-07-01T19:51:05.880398-03:00] App_bytecell.INFO: SELECT del producto 2  [] []
[2020-07-01T19:51:46.285179-03:00] App_bytecell.INFO: UPDATE de visitas en el producto 2  [] []
[2020-07-01T19:51:46.286300-03:00] App_bytecell.INFO: SELECT del producto 2  [] []
[2020-07-01T19:52:06.521849-03:00] App_bytecell.INFO: UPDATE de visitas en el producto 2  [] []
[2020-07-01T19:52:06.525251-03:00] App_bytecell.INFO: SELECT del producto 2  [] []
[2020-07-01T19:52:29.361794-03:00] App_bytecell.INFO: UPDATE de visitas en el producto 2  [] []
[2020-07-01T19:52:29.414922-03:00] App_bytecell.INFO: SELECT del producto 2  [] []
[2020-07-01T19:53:25.159524-03:00] App_bytecell.INFO: UPDATE de visitas en el producto 2  [] []
[2020-07-01T19:53:25.161773-03:00] App_bytecell.INFO: SELECT del producto 2  [] []
[2020-07-01T19:53:43.516742-03:00] App_bytecell.INFO: UPDATE de visitas en el producto 2  [] []
[2020-07-01T19:53:43.518970-03:00] App_bytecell.INFO: SELECT del producto 2  [] []
[2020-07-01T19:54:13.873678-03:00] App_bytecell.INFO: UPDATE de visitas en el producto 2  [] []
[2020-07-01T19:54:13.876081-03:00] App_bytecell.INFO: SELECT del producto 2  [] []
[2020-07-01T19:57:33.170151-03:00] App_bytecell.INFO: UPDATE de visitas en el producto 2  [] []
[2020-07-01T19:57:33.173608-03:00] App_bytecell.INFO: SELECT del producto 2  [] []
[2020-07-01T19:58:14.177495-03:00] App_bytecell.INFO: listo todos los productos con descripcion de Producto [] []
[2020-07-01T19:58:15.073864-03:00] App_bytecell.INFO: listo todos los productos con descripcion de Producto [] []
[2020-07-01T19:59:40.307077-03:00] App_bytecell.INFO: UPDATE de visitas en el producto 2  [] []
[2020-07-01T19:59:40.310728-03:00] App_bytecell.INFO: SELECT del producto 2  [] []
[2020-07-01T19:59:41.271538-03:00] App_bytecell.INFO: UPDATE de visitas en el producto 2  [] []
[2020-07-01T19:59:41.273160-03:00] App_bytecell.INFO: SELECT del producto 2  [] []
[2020-07-01T20:02:30.639366-03:00] App_bytecell.INFO: UPDATE de visitas en el producto 2  [] []
[2020-07-01T20:02:30.642841-03:00] App_bytecell.INFO: SELECT del producto 2  [] []
[2020-07-01T20:03:50.344434-03:00] App_bytecell.INFO: UPDATE de visitas en el producto 2  [] []
[2020-07-01T20:03:50.346732-03:00] App_bytecell.INFO: SELECT del producto 2  [] []
[2020-07-01T20:05:55.712397-03:00] App_bytecell.INFO: listo todos los productos con descripcion de Producto [] []
[2020-07-01T20:05:57.822864-03:00] App_bytecell.INFO: listo todos los productos con descripcion de Producto [] []
[2020-07-01T20:25:55.884544-03:00] App_bytecell.INFO: listo todos los productos con descripcion de Producto [] []
[2020-07-01T20:26:10.563499-03:00] App_bytecell.INFO: BUSQUEDA del los producto que contienen %p% con 2 elementos [] []
[2020-07-01T20:32:52.102798-03:00] App_bytecell.INFO: listo todos los productos con descripcion de Producto [] []
[2020-07-01T20:32:53.008419-03:00] App_bytecell.INFO: listo todos los productos con descripcion de Producto [] []
[2020-07-01T21:09:24.689390-03:00] App_bytecell.INFO: UPDATE de visitas en el producto 2  [] []
[2020-07-01T21:09:24.728525-03:00] App_bytecell.INFO: SELECT del producto 2  [] []
[2020-07-01T21:09:25.799882-03:00] App_bytecell.INFO: UPDATE de visitas en el producto 2  [] []
[2020-07-01T21:09:25.801466-03:00] App_bytecell.INFO: SELECT del producto 2  [] []
[2020-07-01T21:10:13.389585-03:00] App_bytecell.INFO: listo todos los productos con descripcion de Producto [] []
[2020-07-01T21:10:14.256194-03:00] App_bytecell.INFO: listo todos los productos con descripcion de Producto [] []
[2020-07-01T21:10:26.304736-03:00] App_bytecell.INFO: UPDATE de visitas en el producto 2  [] []
[2020-07-01T21:10:26.307419-03:00] App_bytecell.INFO: SELECT del producto 2  [] []
[2020-07-01T21:11:47.185014-03:00] App_bytecell.INFO: UPDATE de visitas en el producto 2  [] []
[2020-07-01T21:11:47.187979-03:00] App_bytecell.INFO: SELECT del producto 2  [] []
[2020-07-01T23:38:54.120112-03:00] App_bytecell.INFO: UPDATE de visitas en el producto 4  [] []
[2020-07-01T23:38:54.172818-03:00] App_bytecell.INFO: SELECT del producto 4  [] []
[2020-07-01T23:39:54.073517-03:00] App_bytecell.INFO: listo todos los productos con descripcion de Producto [] []
[2020-07-01T23:40:04.688829-03:00] App_bytecell.INFO: UPDATE de visitas en el producto 2  [] []
[2020-07-01T23:40:04.691368-03:00] App_bytecell.INFO: SELECT del producto 2  [] []
[2020-07-01T23:41:34.110137-03:00] App_bytecell.INFO: UPDATE de visitas en el producto 2  [] []
[2020-07-01T23:41:34.114804-03:00] App_bytecell.INFO: SELECT del producto 2  [] []
[2020-07-01T23:42:11.057095-03:00] App_bytecell.INFO: UPDATE de visitas en el producto 2  [] []
[2020-07-01T23:42:11.059685-03:00] App_bytecell.INFO: SELECT del producto 2  [] []
[2020-07-01T23:42:12.944422-03:00] App_bytecell.INFO: UPDATE de visitas en el producto 4  [] []
[2020-07-01T23:42:12.946617-03:00] App_bytecell.INFO: SELECT del producto 4  [] []
[2020-07-01T23:43:53.964354-03:00] App_bytecell.INFO: UPDATE de visitas en el producto 4  [] []
[2020-07-01T23:43:53.968322-03:00] App_bytecell.INFO: SELECT del producto 4  [] []
[2020-07-01T23:44:41.177194-03:00] App_bytecell.INFO: UPDATE de visitas en el producto 4  [] []
[2020-07-01T23:44:41.179542-03:00] App_bytecell.INFO: SELECT del producto 4  [] []
[2020-07-01T23:44:46.553613-03:00] App_bytecell.INFO: UPDATE de visitas en el producto 4  [] []
[2020-07-01T23:44:46.555938-03:00] App_bytecell.INFO: SELECT del producto 4  [] []
[2020-07-01T23:44:59.916698-03:00] App_bytecell.INFO: UPDATE de visitas en el producto 4  [] []
[2020-07-01T23:44:59.918966-03:00] App_bytecell.INFO: SELECT del producto 4  [] []
[2020-07-01T23:45:34.982342-03:00] App_bytecell.INFO: UPDATE de visitas en el producto 4  [] []
[2020-07-01T23:45:34.984923-03:00] App_bytecell.INFO: SELECT del producto 4  [] []
[2020-07-01T23:48:48.626601-03:00] App_bytecell.INFO: UPDATE de visitas en el producto 4  [] []
[2020-07-01T23:48:48.630551-03:00] App_bytecell.INFO: SELECT del producto 4  [] []
[2020-07-01T23:49:15.713882-03:00] App_bytecell.INFO: UPDATE de visitas en el producto 4  [] []
[2020-07-01T23:49:15.716277-03:00] App_bytecell.INFO: SELECT del producto 4  [] []
[2020-07-01T23:49:26.532057-03:00] App_bytecell.INFO: UPDATE de visitas en el producto 4  [] []
[2020-07-01T23:49:26.534327-03:00] App_bytecell.INFO: SELECT del producto 4  [] []
[2020-07-01T23:50:06.348224-03:00] App_bytecell.INFO: UPDATE de visitas en el producto 4  [] []
[2020-07-01T23:50:06.350392-03:00] App_bytecell.INFO: SELECT del producto 4  [] []
[2020-07-01T23:50:42.247102-03:00] App_bytecell.INFO: UPDATE de visitas en el producto 4  [] []
[2020-07-01T23:50:42.249773-03:00] App_bytecell.INFO: SELECT del producto 4  [] []
[2020-07-02T00:16:55.041307-03:00] App_bytecell.INFO: UPDATE de visitas en el producto 4  [] []
[2020-07-02T00:16:55.132216-03:00] App_bytecell.INFO: SELECT del producto 4  [] []
[2020-07-02T00:22:11.722403-03:00] App_bytecell.INFO: UPDATE de visitas en el producto 4  [] []
[2020-07-02T00:22:11.725857-03:00] App_bytecell.INFO: SELECT del producto 4  [] []
[2020-07-02T00:22:21.979117-03:00] App_bytecell.INFO: listo todos los productos con descripcion de Producto [] []
[2020-07-02T00:22:23.648569-03:00] App_bytecell.INFO: listo todos los productos con descripcion de Producto [] []
[2020-07-02T00:23:56.806664-03:00] App_bytecell.INFO: UPDATE de visitas en el producto 3  [] []
[2020-07-02T00:23:56.809513-03:00] App_bytecell.INFO: SELECT del producto 3  [] []
[2020-07-02T00:29:20.048991-03:00] App_bytecell.INFO: listo todos los productos con descripcion de Producto [] []
[2020-07-02T00:29:21.703737-03:00] App_bytecell.INFO: listo todos los productos con descripcion de Producto [] []
[2020-07-02T00:31:04.970116-03:00] App_bytecell.INFO: SELECT del producto 3  [] []
[2020-07-02T00:31:28.821352-03:00] App_bytecell.INFO: SELECT del producto 2  [] []
[2020-07-02T00:32:16.771204-03:00] App_bytecell.INFO: UPDATE de visitas en el producto 2  [] []
[2020-07-02T00:32:16.773331-03:00] App_bytecell.INFO: SELECT del producto 2  [] []
[2020-07-02T00:32:56.407050-03:00] App_bytecell.INFO: listo todos los productos con descripcion de Producto [] []
[2020-07-02T00:33:33.197932-03:00] App_bytecell.INFO: UPDATE de visitas en el producto 4  [] []
[2020-07-02T00:33:33.201836-03:00] App_bytecell.INFO: SELECT del producto 4  [] []
[2020-07-02T00:33:59.597202-03:00] App_bytecell.INFO: UPDATE de visitas en el producto 4  [] []
[2020-07-02T00:33:59.599450-03:00] App_bytecell.INFO: SELECT del producto 4  [] []
[2020-07-02T00:34:19.801431-03:00] App_bytecell.INFO: UPDATE de visitas en el producto 4  [] []
[2020-07-02T00:34:19.803941-03:00] App_bytecell.INFO: SELECT del producto 4  [] []
[2020-07-02T00:35:11.812191-03:00] App_bytecell.INFO: UPDATE de visitas en el producto 4  [] []
[2020-07-02T00:35:11.814602-03:00] App_bytecell.INFO: SELECT del producto 4  [] []
[2020-07-02T00:35:23.770694-03:00] App_bytecell.INFO: UPDATE de visitas en el producto 4  [] []
[2020-07-02T00:35:23.773026-03:00] App_bytecell.INFO: SELECT del producto 4  [] []
